<?xml version="1.0" encoding="UTF-8"?>
<!-- Generated by org.testng.reporters.JUnitXMLReporter -->
<testsuite ignored="1" hostname="Anees-MacBook-Pro.local" failures="0" tests="1" name="Default test" time="6.114" errors="0" timestamp="23 Mar 2022 04:21:45 GMT">
  <testcase classname="com.seleniumchallenges.DropDown" name="dropDownMenu" time="2.927"/>
  <testcase classname="com.baseclass.BaseClass" name="openApplication" time="0.0">
    <ignored/>
  </testcase> <!-- openApplication -->
</testsuite> <!-- Default test -->
