<?xml version="1.0" encoding="UTF-8"?>
<testng-results ignored="1" total="2" passed="1" failed="0" skipped="0">
  <reporter-output>
  </reporter-output>
  <suite started-at="2022-03-23T04:21:39Z" name="Default suite" finished-at="2022-03-23T04:21:45Z" duration-ms="6114">
    <groups>
    </groups>
    <test started-at="2022-03-23T04:21:39Z" name="Default test" finished-at="2022-03-23T04:21:45Z" duration-ms="6114">
      <class name="com.seleniumchallenges.DropDown">
        <test-method is-config="true" signature="initialize()[pri:0, instance:com.seleniumchallenges.DropDown@74287ea3]" started-at="2022-03-23T04:21:39Z" name="initialize" finished-at="2022-03-23T04:21:42Z" duration-ms="3141" status="PASS">
          <reporter-output>
          </reporter-output>
        </test-method> <!-- initialize -->
        <test-method signature="dropDownMenu()[pri:0, instance:com.seleniumchallenges.DropDown@74287ea3]" started-at="2022-03-23T04:21:42Z" name="dropDownMenu" finished-at="2022-03-23T04:21:45Z" duration-ms="2927" status="PASS">
          <reporter-output>
          </reporter-output>
        </test-method> <!-- dropDownMenu -->
      </class> <!-- com.seleniumchallenges.DropDown -->
    </test> <!-- Default test -->
  </suite> <!-- Default suite -->
</testng-results>
